<?xml version="1.0" encoding="UTF-8"?>
<testng-results ignored="0" total="1" passed="0" failed="1" skipped="0">
  <reporter-output>
  </reporter-output>
  <suite started-at="2022-06-23T01:50:27 EEST" name="SelenideTest" finished-at="2022-06-23T01:50:37 EEST" duration-ms="10335">
    <groups>
    </groups>
    <test started-at="2022-06-23T01:50:27 EEST" name="Command line test" finished-at="2022-06-23T01:50:37 EEST" duration-ms="10335">
      <class name="SelenideTest">
        <test-method signature="deliveryOutsideUkraine()[pri:0, instance:SelenideTest@2b4a2ec7]" started-at="2022-06-23T01:50:27 EEST" name="deliveryOutsideUkraine" finished-at="2022-06-23T01:50:37 EEST" duration-ms="10257" status="FAIL">
          <exception class="com.codeborne.selenide.ex.InvalidStateException">
            <message>
              <![CDATA[Invalid element state [By.xpath: //*[@id='calculate_button']]: element click intercepted: Element <a class="block-item" id="calculate_button" href="https://calc.ukrposhta.ua/">...</a> is not clickable at point (217, 589). Other element would receive the click: <p>...</p>
Screenshot: file:/C:/Users/Mariia/IdeaProjects/Selenide.Selenium/build/reports/tests/1655938236384.0.png
Page source: file:/C:/Users/Mariia/IdeaProjects/Selenide.Selenium/build/reports/tests/1655938236384.0.html
Timeout: 4 s.
Caused by: ElementClickInterceptedException: element click intercepted: Element <a class="block-item" id="calculate_button" href="https://calc.ukrposhta.ua/">...</a> is not clickable at point (217, 589). Other element would receive the click: <p>...</p>]]>
            </message>
            <full-stacktrace>
              <![CDATA[Invalid element state [By.xpath: //*[@id='calculate_button']]: element click intercepted: Element <a class="block-item" id="calculate_button" href="https://calc.ukrposhta.ua/">...</a> is not clickable at point (217, 589). Other element would receive the click: <p>...</p>
Screenshot: file:/C:/Users/Mariia/IdeaProjects/Selenide.Selenium/build/reports/tests/1655938236384.0.png
Page source: file:/C:/Users/Mariia/IdeaProjects/Selenide.Selenium/build/reports/tests/1655938236384.0.html
Timeout: 4 s.
Caused by: ElementClickInterceptedException: element click intercepted: Element <a class="block-item" id="calculate_button" href="https://calc.ukrposhta.ua/">...</a> is not clickable at point (217, 589). Other element would receive the click: <p>...</p>
at com.codeborne.selenide.impl.ExceptionWrapper.wrap(ExceptionWrapper.java:26)
at com.codeborne.selenide.impl.SelenideElementProxy.dispatchAndRetry(SelenideElementProxy.java:151)
at com.codeborne.selenide.impl.SelenideElementProxy.invoke(SelenideElementProxy.java:81)
at jdk.proxy2/jdk.proxy2.$Proxy8.click(Unknown Source)
at SelenideTest.deliveryOutsideUkraine(SelenideTest.java:12)
at java.base/jdk.internal.reflect.NativeMethodAccessorImpl.invoke0(Native Method)
at java.base/jdk.internal.reflect.NativeMethodAccessorImpl.invoke(NativeMethodAccessorImpl.java:77)
at java.base/jdk.internal.reflect.DelegatingMethodAccessorImpl.invoke(DelegatingMethodAccessorImpl.java:43)
at java.base/java.lang.reflect.Method.invoke(Method.java:568)
at org.testng.internal.invokers.MethodInvocationHelper.invokeMethod(MethodInvocationHelper.java:139)
at org.testng.internal.invokers.TestInvoker.invokeMethod(TestInvoker.java:677)
at org.testng.internal.invokers.TestInvoker.invokeTestMethod(TestInvoker.java:221)
at org.testng.internal.invokers.MethodRunner.runInSequence(MethodRunner.java:50)
at org.testng.internal.invokers.TestInvoker$MethodInvocationAgent.invoke(TestInvoker.java:962)
at org.testng.internal.invokers.TestInvoker.invokeTestMethods(TestInvoker.java:194)
at org.testng.internal.invokers.TestMethodWorker.invokeTestMethods(TestMethodWorker.java:148)
at org.testng.internal.invokers.TestMethodWorker.run(TestMethodWorker.java:128)
at java.base/java.util.ArrayList.forEach(ArrayList.java:1511)
at org.testng.TestRunner.privateRun(TestRunner.java:806)
at org.testng.TestRunner.run(TestRunner.java:601)
at org.testng.SuiteRunner.runTest(SuiteRunner.java:433)
at org.testng.SuiteRunner.runSequentially(SuiteRunner.java:427)
at org.testng.SuiteRunner.privateRun(SuiteRunner.java:387)
at org.testng.SuiteRunner.run(SuiteRunner.java:330)
at org.testng.SuiteRunnerWorker.runSuite(SuiteRunnerWorker.java:52)
at org.testng.SuiteRunnerWorker.run(SuiteRunnerWorker.java:95)
at org.testng.TestNG.runSuitesSequentially(TestNG.java:1256)
at org.testng.TestNG.runSuitesLocally(TestNG.java:1176)
at org.testng.TestNG.runSuites(TestNG.java:1099)
at org.testng.TestNG.run(TestNG.java:1067)
at org.apache.maven.surefire.testng.TestNGExecutor.run(TestNGExecutor.java:77)
at org.apache.maven.surefire.testng.TestNGDirectoryTestSuite.execute(TestNGDirectoryTestSuite.java:110)
at org.apache.maven.surefire.testng.TestNGProvider.invoke(TestNGProvider.java:106)
at java.base/jdk.internal.reflect.NativeMethodAccessorImpl.invoke0(Native Method)
at java.base/jdk.internal.reflect.NativeMethodAccessorImpl.invoke(NativeMethodAccessorImpl.java:77)
at java.base/jdk.internal.reflect.DelegatingMethodAccessorImpl.invoke(DelegatingMethodAccessorImpl.java:43)
at java.base/java.lang.reflect.Method.invoke(Method.java:568)
at org.apache.maven.surefire.util.ReflectionUtils.invokeMethodWithArray(ReflectionUtils.java:189)
at org.apache.maven.surefire.booter.ProviderFactory$ProviderProxy.invoke(ProviderFactory.java:165)
at org.apache.maven.surefire.booter.ProviderFactory.invokeProvider(ProviderFactory.java:85)
at org.apache.maven.surefire.booter.ForkedBooter.runSuitesInProcess(ForkedBooter.java:115)
at org.apache.maven.surefire.booter.ForkedBooter.main(ForkedBooter.java:75)
Caused by: org.openqa.selenium.ElementClickInterceptedException: element click intercepted: Element <a class="block-item" id="calculate_button" href="https://calc.ukrposhta.ua/">...</a> is not clickable at point (217, 589). Other element would receive the click: <p>...</p>
  (Session info: chrome=102.0.5005.115)
Build info: version: '4.2.2', revision: '683ccb65d6'
System info: host: 'DESKTOP-8N2BPLU', ip: '192.168.0.244', os.name: 'Windows 10', os.arch: 'amd64', os.version: '10.0', java.version: '17.0.1'
Driver info: org.openqa.selenium.chrome.ChromeDriver
Command: [ce79c3de24e54e26d09bd39aa9d7c193, clickElement {id=e2e8b878-6e53-43ec-8a5b-3118671654bd}]
Capabilities {acceptInsecureCerts: true, browserName: chrome, browserVersion: 102.0.5005.115, chrome: {chromedriverVersion: 102.0.5005.61 (0e59bcc00cc4..., userDataDir: C:\Users\Mariia\AppData\Loc...}, goog:chromeOptions: {debuggerAddress: localhost:60067}, networkConnectionEnabled: false, pageLoadStrategy: normal, platformName: WINDOWS, proxy: Proxy(), se:cdp: ws://localhost:60067/devtoo..., se:cdpVersion: 102.0.5005.115, setWindowRect: true, strictFileInteractability: false, timeouts: {implicit: 0, pageLoad: 300000, script: 30000}, unhandledPromptBehavior: dismiss and notify, webauthn:extension:credBlob: true, webauthn:extension:largeBlob: true, webauthn:virtualAuthenticators: true}
Element: [[ChromeDriver: chrome on WINDOWS (ce79c3de24e54e26d09bd39aa9d7c193)] -> xpath: //*[@id='calculate_button']]
Session ID: ce79c3de24e54e26d09bd39aa9d7c193
at java.base/jdk.internal.reflect.NativeConstructorAccessorImpl.newInstance0(Native Method)
at java.base/jdk.internal.reflect.NativeConstructorAccessorImpl.newInstance(NativeConstructorAccessorImpl.java:77)
at java.base/jdk.internal.reflect.DelegatingConstructorAccessorImpl.newInstance(DelegatingConstructorAccessorImpl.java:45)
at java.base/java.lang.reflect.Constructor.newInstanceWithCaller(Constructor.java:499)
at java.base/java.lang.reflect.Constructor.newInstance(Constructor.java:480)
at org.openqa.selenium.remote.codec.w3c.W3CHttpResponseCodec.createException(W3CHttpResponseCodec.java:200)
at org.openqa.selenium.remote.codec.w3c.W3CHttpResponseCodec.decode(W3CHttpResponseCodec.java:133)
at org.openqa.selenium.remote.codec.w3c.W3CHttpResponseCodec.decode(W3CHttpResponseCodec.java:53)
at org.openqa.selenium.remote.HttpCommandExecutor.execute(HttpCommandExecutor.java:184)
at org.openqa.selenium.remote.service.DriverCommandExecutor.invokeExecute(DriverCommandExecutor.java:167)
at org.openqa.selenium.remote.service.DriverCommandExecutor.execute(DriverCommandExecutor.java:142)
at org.openqa.selenium.remote.RemoteWebDriver.execute(RemoteWebDriver.java:588)
at org.openqa.selenium.remote.RemoteWebElement.execute(RemoteWebElement.java:257)
at org.openqa.selenium.remote.RemoteWebElement.click(RemoteWebElement.java:78)
at com.codeborne.selenide.commands.Click.defaultClick(Click.java:97)
at com.codeborne.selenide.commands.Click.click(Click.java:54)
at com.codeborne.selenide.commands.Click.execute(Click.java:31)
at com.codeborne.selenide.commands.Click.execute(Click.java:21)
at com.codeborne.selenide.commands.Commands.execute(Commands.java:155)
at com.codeborne.selenide.impl.SelenideElementProxy.dispatchAndRetry(SelenideElementProxy.java:129)
... 40 more
]]>
            </full-stacktrace>
          </exception> <!-- com.codeborne.selenide.ex.InvalidStateException -->
          <reporter-output>
          </reporter-output>
        </test-method> <!-- deliveryOutsideUkraine -->
      </class> <!-- SelenideTest -->
    </test> <!-- Command line test -->
  </suite> <!-- SelenideTest -->
</testng-results>
