<?xml version="1.0" encoding="UTF-8"?>
<!-- Generated by org.testng.reporters.JUnitXMLReporter -->
<testsuite ignored="0" hostname="DESKTOP-8N2BPLU" failures="1" tests="1" name="Command line test" time="10.335" errors="0" timestamp="2022-06-23T01:50:37 EEST">
  <testcase classname="SelenideTest" name="deliveryOutsideUkraine" time="10.257">
    <failure type="com.codeborne.selenide.ex.InvalidStateException" message="Invalid element state [By.xpath: //*[@id=&amp;apos;calculate_button&amp;apos;]]: element click intercepted: Element &amp;lt;a class=&amp;quot;block-item&amp;quot; id=&amp;quot;calculate_button&amp;quot; href=&amp;quot;https://calc.ukrposhta.ua/&amp;quot;&amp;gt;...&amp;lt;/a&amp;gt; is not clickable at point (217, 589). Other element would receive the click: &amp;lt;p&amp;gt;...&amp;lt;/p&amp;gt;
Screenshot: file:/C:/Users/Mariia/IdeaProjects/Selenide.Selenium/build/reports/tests/1655938236384.0.png
Page source: file:/C:/Users/Mariia/IdeaProjects/Selenide.Selenium/build/reports/tests/1655938236384.0.html
Timeout: 4 s.
Caused by: ElementClickInterceptedException: element click intercepted: Element &amp;lt;a class=&amp;quot;block-item&amp;quot; id=&amp;quot;calculate_button&amp;quot; href=&amp;quot;https://calc.ukrposhta.ua/&amp;quot;&amp;gt;...&amp;lt;/a&amp;gt; is not clickable at point (217, 589). Other element would receive the click: &amp;lt;p&amp;gt;...&amp;lt;/p&amp;gt;">
      <![CDATA[Invalid element state [By.xpath: //*[@id='calculate_button']]: element click intercepted: Element <a class="block-item" id="calculate_button" href="https://calc.ukrposhta.ua/">...</a> is not clickable at point (217, 589). Other element would receive the click: <p>...</p>
Screenshot: file:/C:/Users/Mariia/IdeaProjects/Selenide.Selenium/build/reports/tests/1655938236384.0.png
Page source: file:/C:/Users/Mariia/IdeaProjects/Selenide.Selenium/build/reports/tests/1655938236384.0.html
Timeout: 4 s.
Caused by: ElementClickInterceptedException: element click intercepted: Element <a class="block-item" id="calculate_button" href="https://calc.ukrposhta.ua/">...</a> is not clickable at point (217, 589). Other element would receive the click: <p>...</p>
at com.codeborne.selenide.impl.ExceptionWrapper.wrap(ExceptionWrapper.java:26)
at com.codeborne.selenide.impl.SelenideElementProxy.dispatchAndRetry(SelenideElementProxy.java:151)
at com.codeborne.selenide.impl.SelenideElementProxy.invoke(SelenideElementProxy.java:81)
at jdk.proxy2/jdk.proxy2.$Proxy8.click(Unknown Source)
at SelenideTest.deliveryOutsideUkraine(SelenideTest.java:12)
at java.base/java.util.ArrayList.forEach(ArrayList.java:1511)
Caused by: org.openqa.selenium.ElementClickInterceptedException: element click intercepted: Element <a class="block-item" id="calculate_button" href="https://calc.ukrposhta.ua/">...</a> is not clickable at point (217, 589). Other element would receive the click: <p>...</p>
  (Session info: chrome=102.0.5005.115)
Build info: version: '4.2.2', revision: '683ccb65d6'
System info: host: 'DESKTOP-8N2BPLU', ip: '192.168.0.244', os.name: 'Windows 10', os.arch: 'amd64', os.version: '10.0', java.version: '17.0.1'
Driver info: org.openqa.selenium.chrome.ChromeDriver
Command: [ce79c3de24e54e26d09bd39aa9d7c193, clickElement {id=e2e8b878-6e53-43ec-8a5b-3118671654bd}]
Capabilities {acceptInsecureCerts: true, browserName: chrome, browserVersion: 102.0.5005.115, chrome: {chromedriverVersion: 102.0.5005.61 (0e59bcc00cc4..., userDataDir: C:\Users\Mariia\AppData\Loc...}, goog:chromeOptions: {debuggerAddress: localhost:60067}, networkConnectionEnabled: false, pageLoadStrategy: normal, platformName: WINDOWS, proxy: Proxy(), se:cdp: ws://localhost:60067/devtoo..., se:cdpVersion: 102.0.5005.115, setWindowRect: true, strictFileInteractability: false, timeouts: {implicit: 0, pageLoad: 300000, script: 30000}, unhandledPromptBehavior: dismiss and notify, webauthn:extension:credBlob: true, webauthn:extension:largeBlob: true, webauthn:virtualAuthenticators: true}
Element: [[ChromeDriver: chrome on WINDOWS (ce79c3de24e54e26d09bd39aa9d7c193)] -> xpath: //*[@id='calculate_button']]
Session ID: ce79c3de24e54e26d09bd39aa9d7c193
at org.openqa.selenium.remote.codec.w3c.W3CHttpResponseCodec.createException(W3CHttpResponseCodec.java:200)
at org.openqa.selenium.remote.codec.w3c.W3CHttpResponseCodec.decode(W3CHttpResponseCodec.java:133)
at org.openqa.selenium.remote.codec.w3c.W3CHttpResponseCodec.decode(W3CHttpResponseCodec.java:53)
at org.openqa.selenium.remote.HttpCommandExecutor.execute(HttpCommandExecutor.java:184)
at org.openqa.selenium.remote.service.DriverCommandExecutor.invokeExecute(DriverCommandExecutor.java:167)
at org.openqa.selenium.remote.service.DriverCommandExecutor.execute(DriverCommandExecutor.java:142)
at org.openqa.selenium.remote.RemoteWebDriver.execute(RemoteWebDriver.java:588)
at org.openqa.selenium.remote.RemoteWebElement.execute(RemoteWebElement.java:257)
at org.openqa.selenium.remote.RemoteWebElement.click(RemoteWebElement.java:78)
at com.codeborne.selenide.commands.Click.defaultClick(Click.java:97)
at com.codeborne.selenide.commands.Click.click(Click.java:54)
at com.codeborne.selenide.commands.Click.execute(Click.java:31)
at com.codeborne.selenide.commands.Click.execute(Click.java:21)
at com.codeborne.selenide.commands.Commands.execute(Commands.java:155)
at com.codeborne.selenide.impl.SelenideElementProxy.dispatchAndRetry(SelenideElementProxy.java:129)
... 40 more
... Removed 41 stack frames]]>
    </failure>
  </testcase> <!-- deliveryOutsideUkraine -->
</testsuite> <!-- Command line test -->
